Build started 11/12/2014 11:05:24 PM.
     1>Project "J:\Users\Drizzle005\Documents\GitHub\Module-Testing\Test Program\Source\testInputModules\testInputModules\testInputModules.vcxproj" on node 2 (rebuild target(s)).
     1>_PrepareForClean:
         Deleting file "Release\testInputModules.lastbuildstate".
       InitializeBuildStatus:
         Creating "Release\testInputModules.unsuccessfulbuild" because "AlwaysCreate" was specified.
       ClCompile:
         J:\Program Files (x86)\Microsoft Visual Studio 10.0\VC\bin\CL.exe /c /I\include /I\utilities\include /I.\include /Zi /nologo /W3 /WX- /O2 /Oy- /D _MBCS /D _MBCS /D WIN32 /D NDEBUG /D _CONSOLE /D _MBCS /GF /Gm- /EHsc /MD /GS /Gy /fp:precise /Zc:wchar_t /Zc:forScope /Fo"Release\\" /Fd"Release\vc100.pdb" /Gd /TP /analyze- /errorReport:prompt main.cpp
         main.cpp
     1>j:\users\drizzle005\documents\github\module-testing\test program\source\testinputmodules\testinputmodules\matrix.h(226): warning C4290: C++ exception specification ignored except to indicate a function is not __declspec(nothrow)
                 j:\users\drizzle005\documents\github\module-testing\test program\source\testinputmodules\testinputmodules\matrix.h(303) : see reference to class template instantiation 'math::matrix<T>' being compiled
     1>j:\users\drizzle005\documents\github\module-testing\test program\source\testinputmodules\testinputmodules\matrix.h(227): warning C4290: C++ exception specification ignored except to indicate a function is not __declspec(nothrow)
     1>j:\users\drizzle005\documents\github\module-testing\test program\source\testinputmodules\testinputmodules\matrix.h(234): warning C4290: C++ exception specification ignored except to indicate a function is not __declspec(nothrow)
     1>j:\users\drizzle005\documents\github\module-testing\test program\source\testinputmodules\testinputmodules\matrix.h(235): warning C4290: C++ exception specification ignored except to indicate a function is not __declspec(nothrow)
     1>j:\users\drizzle005\documents\github\module-testing\test program\source\testinputmodules\testinputmodules\matrix.h(236): warning C4290: C++ exception specification ignored except to indicate a function is not __declspec(nothrow)
     1>j:\users\drizzle005\documents\github\module-testing\test program\source\testinputmodules\testinputmodules\matrix.h(239): warning C4290: C++ exception specification ignored except to indicate a function is not __declspec(nothrow)
     1>j:\users\drizzle005\documents\github\module-testing\test program\source\testinputmodules\testinputmodules\matrix.h(249): warning C4290: C++ exception specification ignored except to indicate a function is not __declspec(nothrow)
     1>j:\users\drizzle005\documents\github\module-testing\test program\source\testinputmodules\testinputmodules\matrix.h(250): warning C4290: C++ exception specification ignored except to indicate a function is not __declspec(nothrow)
     1>j:\users\drizzle005\documents\github\module-testing\test program\source\testinputmodules\testinputmodules\matrix.h(251): warning C4290: C++ exception specification ignored except to indicate a function is not __declspec(nothrow)
     1>j:\users\drizzle005\documents\github\module-testing\test program\source\testinputmodules\testinputmodules\matrix.h(252): warning C4290: C++ exception specification ignored except to indicate a function is not __declspec(nothrow)
     1>j:\users\drizzle005\documents\github\module-testing\test program\source\testinputmodules\testinputmodules\matrix.h(254): warning C4290: C++ exception specification ignored except to indicate a function is not __declspec(nothrow)
     1>j:\users\drizzle005\documents\github\module-testing\test program\source\testinputmodules\testinputmodules\matrix.h(401): warning C4290: C++ exception specification ignored except to indicate a function is not __declspec(nothrow)
     1>j:\users\drizzle005\documents\github\module-testing\test program\source\testinputmodules\testinputmodules\matrix.h(411): warning C4290: C++ exception specification ignored except to indicate a function is not __declspec(nothrow)
     1>j:\users\drizzle005\documents\github\module-testing\test program\source\testinputmodules\testinputmodules\matrix.h(473): warning C4290: C++ exception specification ignored except to indicate a function is not __declspec(nothrow)
     1>j:\users\drizzle005\documents\github\module-testing\test program\source\testinputmodules\testinputmodules\matrix.h(486): warning C4290: C++ exception specification ignored except to indicate a function is not __declspec(nothrow)
     1>j:\users\drizzle005\documents\github\module-testing\test program\source\testinputmodules\testinputmodules\matrix.h(510): warning C4290: C++ exception specification ignored except to indicate a function is not __declspec(nothrow)
     1>j:\users\drizzle005\documents\github\module-testing\test program\source\testinputmodules\testinputmodules\matrix.h(543): warning C4290: C++ exception specification ignored except to indicate a function is not __declspec(nothrow)
     1>j:\users\drizzle005\documents\github\module-testing\test program\source\testinputmodules\testinputmodules\matrix.h(568): warning C4290: C++ exception specification ignored except to indicate a function is not __declspec(nothrow)
     1>j:\users\drizzle005\documents\github\module-testing\test program\source\testinputmodules\testinputmodules\matrix.h(577): warning C4290: C++ exception specification ignored except to indicate a function is not __declspec(nothrow)
     1>j:\users\drizzle005\documents\github\module-testing\test program\source\testinputmodules\testinputmodules\matrix.h(603): warning C4290: C++ exception specification ignored except to indicate a function is not __declspec(nothrow)
     1>j:\users\drizzle005\documents\github\module-testing\test program\source\testinputmodules\testinputmodules\matrix.h(620): warning C4290: C++ exception specification ignored except to indicate a function is not __declspec(nothrow)
     1>j:\users\drizzle005\documents\github\module-testing\test program\source\testinputmodules\testinputmodules\matrix.h(627): warning C4290: C++ exception specification ignored except to indicate a function is not __declspec(nothrow)
     1>j:\users\drizzle005\documents\github\module-testing\test program\source\testinputmodules\testinputmodules\matrix.h(634): warning C4290: C++ exception specification ignored except to indicate a function is not __declspec(nothrow)
     1>j:\users\drizzle005\documents\github\module-testing\test program\source\testinputmodules\testinputmodules\matrix.h(658): warning C4290: C++ exception specification ignored except to indicate a function is not __declspec(nothrow)
     1>j:\users\drizzle005\documents\github\module-testing\test program\source\testinputmodules\testinputmodules\matrix.h(666): warning C4290: C++ exception specification ignored except to indicate a function is not __declspec(nothrow)
     1>j:\users\drizzle005\documents\github\module-testing\test program\source\testinputmodules\testinputmodules\matrix.h(713): warning C4290: C++ exception specification ignored except to indicate a function is not __declspec(nothrow)
     1>j:\users\drizzle005\documents\github\module-testing\test program\source\testinputmodules\testinputmodules\matrix.h(842): warning C4290: C++ exception specification ignored except to indicate a function is not __declspec(nothrow)
     1>j:\users\drizzle005\documents\github\module-testing\test program\source\testinputmodules\testinputmodules\matrix.h(895): warning C4290: C++ exception specification ignored except to indicate a function is not __declspec(nothrow)
     1>j:\users\drizzle005\documents\github\module-testing\test program\source\testinputmodules\testinputmodules\matrix.h(930): warning C4290: C++ exception specification ignored except to indicate a function is not __declspec(nothrow)
     1>j:\users\drizzle005\documents\github\module-testing\test program\source\testinputmodules\testinputmodules\matrix.h(226): warning C4290: C++ exception specification ignored except to indicate a function is not __declspec(nothrow)
                 j:\users\drizzle005\documents\github\module-testing\test program\source\testinputmodules\testinputmodules\WmraTypes.h(30) : see reference to class template instantiation 'math::matrix<T>' being compiled
                 with
                 [
                     T=double
                 ]
     1>j:\users\drizzle005\documents\github\module-testing\test program\source\testinputmodules\testinputmodules\matrix.h(227): warning C4290: C++ exception specification ignored except to indicate a function is not __declspec(nothrow)
     1>j:\users\drizzle005\documents\github\module-testing\test program\source\testinputmodules\testinputmodules\matrix.h(234): warning C4290: C++ exception specification ignored except to indicate a function is not __declspec(nothrow)
     1>j:\users\drizzle005\documents\github\module-testing\test program\source\testinputmodules\testinputmodules\matrix.h(235): warning C4290: C++ exception specification ignored except to indicate a function is not __declspec(nothrow)
     1>j:\users\drizzle005\documents\github\module-testing\test program\source\testinputmodules\testinputmodules\matrix.h(236): warning C4290: C++ exception specification ignored except to indicate a function is not __declspec(nothrow)
     1>j:\users\drizzle005\documents\github\module-testing\test program\source\testinputmodules\testinputmodules\matrix.h(239): warning C4290: C++ exception specification ignored except to indicate a function is not __declspec(nothrow)
     1>j:\users\drizzle005\documents\github\module-testing\test program\source\testinputmodules\testinputmodules\matrix.h(249): warning C4290: C++ exception specification ignored except to indicate a function is not __declspec(nothrow)
     1>j:\users\drizzle005\documents\github\module-testing\test program\source\testinputmodules\testinputmodules\matrix.h(250): warning C4290: C++ exception specification ignored except to indicate a function is not __declspec(nothrow)
     1>j:\users\drizzle005\documents\github\module-testing\test program\source\testinputmodules\testinputmodules\matrix.h(251): warning C4290: C++ exception specification ignored except to indicate a function is not __declspec(nothrow)
     1>j:\users\drizzle005\documents\github\module-testing\test program\source\testinputmodules\testinputmodules\matrix.h(252): warning C4290: C++ exception specification ignored except to indicate a function is not __declspec(nothrow)
     1>j:\users\drizzle005\documents\github\module-testing\test program\source\testinputmodules\testinputmodules\matrix.h(254): warning C4290: C++ exception specification ignored except to indicate a function is not __declspec(nothrow)
       Link:
         J:\Program Files (x86)\Microsoft Visual Studio 10.0\VC\bin\link.exe /ERRORREPORT:PROMPT /OUT:"J:\Users\Drizzle005\Documents\GitHub\Module-Testing\Test Program\Source\testInputModules\Release\testInputModules.exe" /INCREMENTAL:NO /NOLOGO /LIBPATH:\lib\Win32\Release /LIBPATH:\utilities\lib\Win32\Release /LIBPATH:\lib\Win32 omni_lib.lib WMRA_module.lib hd.lib hdu.lib kernel32.lib user32.lib gdi32.lib winspool.lib comdlg32.lib advapi32.lib shell32.lib ole32.lib oleaut32.lib uuid.lib odbc32.lib odbccp32.lib msvcrt.lib msvcmrt.lib Ws2_32.lib kernel32.lib user32.lib gdi32.lib winspool.lib comdlg32.lib advapi32.lib shell32.lib ole32.lib oleaut32.lib uuid.lib odbc32.lib odbccp32.lib /MANIFEST /ManifestFile:"Release\testInputModules.exe.intermediate.manifest" /MANIFESTUAC:"level='asInvoker' uiAccess='false'" /DEBUG /PDB:"J:\Users\Drizzle005\Documents\GitHub\Module-Testing\Test Program\Source\testInputModules\Release\testInputModules.pdb" /OPT:REF /OPT:ICF /LTCG /TLBID:1 /DYNAMICBASE /NXCOMPAT /IMPLIB:"J:\Users\Drizzle005\Documents\GitHub\Module-Testing\Test Program\Source\testInputModules\Release\testInputModules.lib" /MACHINE:X86 Release\main.obj
     1>LINK : fatal error LNK1181: cannot open input file 'hdu.lib'
     1>Done Building Project "J:\Users\Drizzle005\Documents\GitHub\Module-Testing\Test Program\Source\testInputModules\testInputModules\testInputModules.vcxproj" (rebuild target(s)) -- FAILED.

Build FAILED.

Time Elapsed 00:00:01.37
